error: 
    status - 500 
    message - ReferenceError: Productservice is not defined
    at _callee$ (C:\Users\jairr\Documents\CS21\fullstack-app\server\build\controllers\product.controller.js:33:13)
    at tryCatch (C:\Users\jairr\Documents\CS21\fullstack-app\server\node_modules\regenerator-runtime\runtime.js:63:40)
    at Generator.invoke [as _invoke] (C:\Users\jairr\Documents\CS21\fullstack-app\server\node_modules\regenerator-runtime\runtime.js:293:22)
    at Generator.next (C:\Users\jairr\Documents\CS21\fullstack-app\server\node_modules\regenerator-runtime\runtime.js:118:21)
    at asyncGeneratorStep (C:\Users\jairr\Documents\CS21\fullstack-app\server\node_modules\@babel\runtime\helpers\asyncToGenerator.js:3:24)
    at _next (C:\Users\jairr\Documents\CS21\fullstack-app\server\node_modules\@babel\runtime\helpers\asyncToGenerator.js:25:9)
    at C:\Users\jairr\Documents\CS21\fullstack-app\server\node_modules\@babel\runtime\helpers\asyncToGenerator.js:32:7
    at new Promise (<anonymous>)
    at C:\Users\jairr\Documents\CS21\fullstack-app\server\node_modules\@babel\runtime\helpers\asyncToGenerator.js:21:12
    at getAllProducts (C:\Users\jairr\Documents\CS21\fullstack-app\server\build\controllers\product.controller.js:59:17) 
    url - /api/v1/products 
    method - GET 
    IP - ::1
   {"timestamp":"2021-05-28T01:57:31.839Z"}
error: 
    status - 500 
    message - TypeError: ProductService.getAllUsers is not a function
    at _callee$ (C:\Users\jairr\Documents\CS21\fullstack-app\server\build\controllers\product.controller.js:33:35)
    at tryCatch (C:\Users\jairr\Documents\CS21\fullstack-app\server\node_modules\regenerator-runtime\runtime.js:63:40)
    at Generator.invoke [as _invoke] (C:\Users\jairr\Documents\CS21\fullstack-app\server\node_modules\regenerator-runtime\runtime.js:293:22)
    at Generator.next (C:\Users\jairr\Documents\CS21\fullstack-app\server\node_modules\regenerator-runtime\runtime.js:118:21)
    at asyncGeneratorStep (C:\Users\jairr\Documents\CS21\fullstack-app\server\node_modules\@babel\runtime\helpers\asyncToGenerator.js:3:24)
    at _next (C:\Users\jairr\Documents\CS21\fullstack-app\server\node_modules\@babel\runtime\helpers\asyncToGenerator.js:25:9)
    at C:\Users\jairr\Documents\CS21\fullstack-app\server\node_modules\@babel\runtime\helpers\asyncToGenerator.js:32:7
    at new Promise (<anonymous>)
    at C:\Users\jairr\Documents\CS21\fullstack-app\server\node_modules\@babel\runtime\helpers\asyncToGenerator.js:21:12
    at getAllProducts (C:\Users\jairr\Documents\CS21\fullstack-app\server\build\controllers\product.controller.js:59:17) 
    url - /api/v1/products 
    method - GET 
    IP - ::1
   {"timestamp":"2021-05-28T01:58:18.105Z"}
error: 
    status - 500 
    message - ValidationError: "stock" must be larger than or equal to 1 
    url - /api/v1/products 
    method - POST 
    IP - ::1
   {"timestamp":"2021-05-28T02:26:25.654Z"}
error: 
      status - 400
      message - Name isn´t equals to Laptop 
      url - /api/v1/products 
      method - POST 
      IP - ::1
     {"timestamp":"2021-05-28T02:29:46.653Z"}
error: 
    status - 500 
    message - ValidationError: "name" is not allowed to be empty 
    url - /api/v1/products 
    method - POST 
    IP - ::1
   {"timestamp":"2021-05-28T02:29:54.833Z"}
error: 
    status - 500 
    message - ValidationError: "brand" length must be at least 3 characters long 
    url - /api/v1/products 
    method - POST 
    IP - ::1
   {"timestamp":"2021-05-28T02:30:07.606Z"}
error: uncaughtException: Route.put() requires a callback function but got a [object Undefined]
Error: Route.put() requires a callback function but got a [object Undefined]
    at Route.<computed> [as put] (C:\Users\jairr\Documents\CS21\fullstack-app\server\node_modules\express\lib\router\route.js:202:15)
    at Function.proto.<computed> [as put] (C:\Users\jairr\Documents\CS21\fullstack-app\server\node_modules\express\lib\router\index.js:510:19)
    at Object.<anonymous> (C:\Users\jairr\Documents\CS21\fullstack-app\server\build\routes\product.route.js:35:8)
    at Module._compile (internal/modules/cjs/loader.js:1063:30)
    at Object.Module._extensions..js (internal/modules/cjs/loader.js:1092:10)
    at Module.load (internal/modules/cjs/loader.js:928:32)
    at Function.Module._load (internal/modules/cjs/loader.js:769:14)
    at Module.require (internal/modules/cjs/loader.js:952:19)
    at require (internal/modules/cjs/helpers.js:88:18)
    at Object.<anonymous> (C:\Users\jairr\Documents\CS21\fullstack-app\server\build\routes\index.js:14:39) {"error":{},"stack":"Error: Route.put() requires a callback function but got a [object Undefined]\n    at Route.<computed> [as put] (C:\\Users\\jairr\\Documents\\CS21\\fullstack-app\\server\\node_modules\\express\\lib\\router\\route.js:202:15)\n    at Function.proto.<computed> [as put] (C:\\Users\\jairr\\Documents\\CS21\\fullstack-app\\server\\node_modules\\express\\lib\\router\\index.js:510:19)\n    at Object.<anonymous> (C:\\Users\\jairr\\Documents\\CS21\\fullstack-app\\server\\build\\routes\\product.route.js:35:8)\n    at Module._compile (internal/modules/cjs/loader.js:1063:30)\n    at Object.Module._extensions..js (internal/modules/cjs/loader.js:1092:10)\n    at Module.load (internal/modules/cjs/loader.js:928:32)\n    at Function.Module._load (internal/modules/cjs/loader.js:769:14)\n    at Module.require (internal/modules/cjs/loader.js:952:19)\n    at require (internal/modules/cjs/helpers.js:88:18)\n    at Object.<anonymous> (C:\\Users\\jairr\\Documents\\CS21\\fullstack-app\\server\\build\\routes\\index.js:14:39)","exception":true,"date":"Thu May 27 2021 21:35:04 GMT-0500 (hora de verano central)","process":{"pid":3568,"uid":null,"gid":null,"cwd":"C:\\Users\\jairr\\Documents\\CS21\\fullstack-app\\server","execPath":"C:\\Program Files\\nodejs\\node.exe","version":"v14.15.5","argv":["C:\\Program Files\\nodejs\\node.exe","C:\\Users\\jairr\\Documents\\CS21\\fullstack-app\\server\\build\\index.js"],"memoryUsage":{"rss":61706240,"heapTotal":33882112,"heapUsed":20374880,"external":1740218,"arrayBuffers":307546}},"os":{"loadavg":[0,0,0],"uptime":369339},"trace":[{"column":15,"file":"C:\\Users\\jairr\\Documents\\CS21\\fullstack-app\\server\\node_modules\\express\\lib\\router\\route.js","function":"Route.<computed> [as put]","line":202,"method":"<computed> [as put]","native":false},{"column":19,"file":"C:\\Users\\jairr\\Documents\\CS21\\fullstack-app\\server\\node_modules\\express\\lib\\router\\index.js","function":"Function.proto.<computed> [as put]","line":510,"method":"<computed> [as put]","native":false},{"column":8,"file":"C:\\Users\\jairr\\Documents\\CS21\\fullstack-app\\server\\build\\routes\\product.route.js","function":null,"line":35,"method":null,"native":false},{"column":30,"file":"internal/modules/cjs/loader.js","function":"Module._compile","line":1063,"method":"_compile","native":false},{"column":10,"file":"internal/modules/cjs/loader.js","function":"Module._extensions..js","line":1092,"method":".js","native":false},{"column":32,"file":"internal/modules/cjs/loader.js","function":"Module.load","line":928,"method":"load","native":false},{"column":14,"file":"internal/modules/cjs/loader.js","function":"Module._load","line":769,"method":"_load","native":false},{"column":19,"file":"internal/modules/cjs/loader.js","function":"Module.require","line":952,"method":"require","native":false},{"column":18,"file":"internal/modules/cjs/helpers.js","function":"require","line":88,"method":null,"native":false},{"column":39,"file":"C:\\Users\\jairr\\Documents\\CS21\\fullstack-app\\server\\build\\routes\\index.js","function":null,"line":14,"method":null,"native":false}],"timestamp":"2021-05-28T02:35:04.512Z"}
error: uncaughtException: signInController is not defined
ReferenceError: signInController is not defined
    at Object.<anonymous> (C:\Users\jairr\Documents\CS21\fullstack-app\server\build\routes\user.route.js:27:24)
    at Module._compile (internal/modules/cjs/loader.js:1063:30)
    at Object.Module._extensions..js (internal/modules/cjs/loader.js:1092:10)
    at Module.load (internal/modules/cjs/loader.js:928:32)
    at Function.Module._load (internal/modules/cjs/loader.js:769:14)
    at Module.require (internal/modules/cjs/loader.js:952:19)
    at require (internal/modules/cjs/helpers.js:88:18)
    at Object.<anonymous> (C:\Users\jairr\Documents\CS21\fullstack-app\server\build\routes\index.js:12:36)
    at Module._compile (internal/modules/cjs/loader.js:1063:30)
    at Object.Module._extensions..js (internal/modules/cjs/loader.js:1092:10) {"error":{},"stack":"ReferenceError: signInController is not defined\n    at Object.<anonymous> (C:\\Users\\jairr\\Documents\\CS21\\fullstack-app\\server\\build\\routes\\user.route.js:27:24)\n    at Module._compile (internal/modules/cjs/loader.js:1063:30)\n    at Object.Module._extensions..js (internal/modules/cjs/loader.js:1092:10)\n    at Module.load (internal/modules/cjs/loader.js:928:32)\n    at Function.Module._load (internal/modules/cjs/loader.js:769:14)\n    at Module.require (internal/modules/cjs/loader.js:952:19)\n    at require (internal/modules/cjs/helpers.js:88:18)\n    at Object.<anonymous> (C:\\Users\\jairr\\Documents\\CS21\\fullstack-app\\server\\build\\routes\\index.js:12:36)\n    at Module._compile (internal/modules/cjs/loader.js:1063:30)\n    at Object.Module._extensions..js (internal/modules/cjs/loader.js:1092:10)","exception":true,"date":"Thu May 27 2021 21:54:18 GMT-0500 (hora de verano central)","process":{"pid":9680,"uid":null,"gid":null,"cwd":"C:\\Users\\jairr\\Documents\\CS21\\fullstack-app\\server","execPath":"C:\\Program Files\\nodejs\\node.exe","version":"v14.15.5","argv":["C:\\Program Files\\nodejs\\node.exe","C:\\Users\\jairr\\Documents\\CS21\\fullstack-app\\server\\build\\index.js"],"memoryUsage":{"rss":61579264,"heapTotal":33357824,"heapUsed":19688144,"external":1723653,"arrayBuffers":290981}},"os":{"loadavg":[0,0,0],"uptime":370494},"trace":[{"column":24,"file":"C:\\Users\\jairr\\Documents\\CS21\\fullstack-app\\server\\build\\routes\\user.route.js","function":null,"line":27,"method":null,"native":false},{"column":30,"file":"internal/modules/cjs/loader.js","function":"Module._compile","line":1063,"method":"_compile","native":false},{"column":10,"file":"internal/modules/cjs/loader.js","function":"Module._extensions..js","line":1092,"method":".js","native":false},{"column":32,"file":"internal/modules/cjs/loader.js","function":"Module.load","line":928,"method":"load","native":false},{"column":14,"file":"internal/modules/cjs/loader.js","function":"Module._load","line":769,"method":"_load","native":false},{"column":19,"file":"internal/modules/cjs/loader.js","function":"Module.require","line":952,"method":"require","native":false},{"column":18,"file":"internal/modules/cjs/helpers.js","function":"require","line":88,"method":null,"native":false},{"column":36,"file":"C:\\Users\\jairr\\Documents\\CS21\\fullstack-app\\server\\build\\routes\\index.js","function":null,"line":12,"method":null,"native":false},{"column":30,"file":"internal/modules/cjs/loader.js","function":"Module._compile","line":1063,"method":"_compile","native":false},{"column":10,"file":"internal/modules/cjs/loader.js","function":"Module._extensions..js","line":1092,"method":".js","native":false}],"timestamp":"2021-05-28T02:54:18.880Z"}
error: uncaughtException: userController is not defined
ReferenceError: userController is not defined
    at Object.<anonymous> (C:\Users\jairr\Documents\CS21\fullstack-app\server\build\routes\user.route.js:30:16)
    at Module._compile (internal/modules/cjs/loader.js:1063:30)
    at Object.Module._extensions..js (internal/modules/cjs/loader.js:1092:10)
    at Module.load (internal/modules/cjs/loader.js:928:32)
    at Function.Module._load (internal/modules/cjs/loader.js:769:14)
    at Module.require (internal/modules/cjs/loader.js:952:19)
    at require (internal/modules/cjs/helpers.js:88:18)
    at Object.<anonymous> (C:\Users\jairr\Documents\CS21\fullstack-app\server\build\routes\index.js:12:36)
    at Module._compile (internal/modules/cjs/loader.js:1063:30)
    at Object.Module._extensions..js (internal/modules/cjs/loader.js:1092:10) {"error":{},"stack":"ReferenceError: userController is not defined\n    at Object.<anonymous> (C:\\Users\\jairr\\Documents\\CS21\\fullstack-app\\server\\build\\routes\\user.route.js:30:16)\n    at Module._compile (internal/modules/cjs/loader.js:1063:30)\n    at Object.Module._extensions..js (internal/modules/cjs/loader.js:1092:10)\n    at Module.load (internal/modules/cjs/loader.js:928:32)\n    at Function.Module._load (internal/modules/cjs/loader.js:769:14)\n    at Module.require (internal/modules/cjs/loader.js:952:19)\n    at require (internal/modules/cjs/helpers.js:88:18)\n    at Object.<anonymous> (C:\\Users\\jairr\\Documents\\CS21\\fullstack-app\\server\\build\\routes\\index.js:12:36)\n    at Module._compile (internal/modules/cjs/loader.js:1063:30)\n    at Object.Module._extensions..js (internal/modules/cjs/loader.js:1092:10)","exception":true,"date":"Thu May 27 2021 21:55:47 GMT-0500 (hora de verano central)","process":{"pid":16332,"uid":null,"gid":null,"cwd":"C:\\Users\\jairr\\Documents\\CS21\\fullstack-app\\server","execPath":"C:\\Program Files\\nodejs\\node.exe","version":"v14.15.5","argv":["C:\\Program Files\\nodejs\\node.exe","C:\\Users\\jairr\\Documents\\CS21\\fullstack-app\\server\\build\\index.js"],"memoryUsage":{"rss":61648896,"heapTotal":33095680,"heapUsed":19350912,"external":1682878,"arrayBuffers":250206}},"os":{"loadavg":[0,0,0],"uptime":370582},"trace":[{"column":16,"file":"C:\\Users\\jairr\\Documents\\CS21\\fullstack-app\\server\\build\\routes\\user.route.js","function":null,"line":30,"method":null,"native":false},{"column":30,"file":"internal/modules/cjs/loader.js","function":"Module._compile","line":1063,"method":"_compile","native":false},{"column":10,"file":"internal/modules/cjs/loader.js","function":"Module._extensions..js","line":1092,"method":".js","native":false},{"column":32,"file":"internal/modules/cjs/loader.js","function":"Module.load","line":928,"method":"load","native":false},{"column":14,"file":"internal/modules/cjs/loader.js","function":"Module._load","line":769,"method":"_load","native":false},{"column":19,"file":"internal/modules/cjs/loader.js","function":"Module.require","line":952,"method":"require","native":false},{"column":18,"file":"internal/modules/cjs/helpers.js","function":"require","line":88,"method":null,"native":false},{"column":36,"file":"C:\\Users\\jairr\\Documents\\CS21\\fullstack-app\\server\\build\\routes\\index.js","function":null,"line":12,"method":null,"native":false},{"column":30,"file":"internal/modules/cjs/loader.js","function":"Module._compile","line":1063,"method":"_compile","native":false},{"column":10,"file":"internal/modules/cjs/loader.js","function":"Module._extensions..js","line":1092,"method":".js","native":false}],"timestamp":"2021-05-28T02:55:47.318Z"}
error: 
    status - 500 
    message - ValidationError: "password" is not allowed 
    url - /api/v1/users/signin 
    method - POST 
    IP - ::1
   {"timestamp":"2021-05-28T03:02:06.140Z"}
error: 
    status - 500 
    message - ValidationError: "password" is not allowed 
    url - /api/v1/users/signin 
    method - POST 
    IP - ::1
   {"timestamp":"2021-05-28T03:02:16.542Z"}
error: 
    status - 500 
    message - ValidationError: "email" must be a valid email 
    url - /api/v1/users/signin 
    method - POST 
    IP - ::1
   {"timestamp":"2021-05-28T03:03:33.788Z"}
error: 
    status - 500 
    message - ValidationError: "password" length must be at least 3 characters long 
    url - /api/v1/users/signin 
    method - POST 
    IP - ::1
   {"timestamp":"2021-05-28T03:03:40.573Z"}
error: 
    status - 500 
    message - ValidationError: "password" length must be at least 3 characters long 
    url - /api/v1/users/signin 
    method - POST 
    IP - ::1
   {"timestamp":"2021-05-28T03:03:49.463Z"}
error: 
    status - 500 
    message - ValidationError: "lastName" is not allowed to be empty 
    url - /api/v1/users/signin 
    method - POST 
    IP - ::1
   {"timestamp":"2021-05-28T03:04:05.919Z"}
error: 
    status - 500 
    message - ValidationError: "name" length must be at least 3 characters long 
    url - /api/v1/products 
    method - POST 
    IP - ::1
   {"timestamp":"2021-05-28T16:05:18.255Z"}
error: 
      status - 400
      message - Name isn´t equals to Laptop 
      url - /api/v1/products 
      method - POST 
      IP - ::1
     {"timestamp":"2021-05-28T16:05:29.529Z"}
error: 
      status - 400
      message - Name isn´t equals to Laptop 
      url - /api/v1/products 
      method - POST 
      IP - ::1
     {"timestamp":"2021-05-28T16:18:03.889Z"}
error: 
    status - 500 
    message - ValidationError: "name" length must be at least 3 characters long 
    url - /api/v1/products 
    method - POST 
    IP - ::1
   {"timestamp":"2021-05-28T16:26:29.665Z"}
error: 
      status - 400
      message - Name isn´t equals to Laptop 
      url - /api/v1/products 
      method - POST 
      IP - ::1
     {"timestamp":"2021-05-28T16:27:00.774Z"}
error: 
      status - 400
      message - Name isn´t equals to Laptop 
      url - /api/v1/products 
      method - POST 
      IP - ::1
     {"timestamp":"2021-05-28T16:27:30.171Z"}
error: 
      status - 400
      message - Name isn´t equals to Laptop 
      url - /api/v1/products 
      method - POST 
      IP - ::1
     {"timestamp":"2021-05-28T16:29:44.921Z"}
error: 
      status - 400
      message - Name isn´t equals to Laptop 
      url - /api/v1/products 
      method - POST 
      IP - ::1
     {"timestamp":"2021-05-28T16:30:35.015Z"}
error: 
      status - 400
      message - Name isn´t equals to Laptop 
      url - /api/v1/products 
      method - POST 
      IP - ::1
     {"timestamp":"2021-05-28T16:31:29.498Z"}
error: 
      status - 400
      message - Name isn´t equals to Laptop 
      url - /api/v1/products 
      method - POST 
      IP - ::1
     {"timestamp":"2021-05-28T16:31:59.484Z"}
error: 
      status - 400
      message - Name isn´t equals to Laptop 
      url - /api/v1/products 
      method - POST 
      IP - ::1
     {"timestamp":"2021-05-28T16:32:21.667Z"}
error: 
      status - 400
      message - Name isn´t equals to Laptop 
      url - /api/v1/products 
      method - POST 
      IP - ::1
     {"timestamp":"2021-05-28T16:33:47.077Z"}
error: 
      status - 400
      message - Name isn´t equals to Laptop 
      url - /api/v1/products 
      method - POST 
      IP - ::1
     {"timestamp":"2021-05-28T16:35:23.075Z"}
error: 
    status - 500 
    message - ValidationError: "name" length must be at least 3 characters long 
    url - /api/v1/products 
    method - POST 
    IP - ::1
   {"timestamp":"2021-05-28T16:35:28.474Z"}
error: 
    status - 500 
    message - ValidationError: "name" length must be at least 3 characters long 
    url - /api/v1/products 
    method - POST 
    IP - ::1
   {"timestamp":"2021-05-28T16:38:04.288Z"}
error: 
      status - 400
      message - Name isn´t equals to Laptop 
      url - /api/v1/products 
      method - POST 
      IP - ::1
     {"timestamp":"2021-05-28T16:38:24.940Z"}
error: 
      status - 400
      message - Name isn´t equals to Laptop 
      url - /api/v1/products 
      method - POST 
      IP - ::1
     {"timestamp":"2021-05-28T16:41:38.626Z"}
error: 
      status - 400
      message - Name isn´t equals to Laptop 
      url - /api/v1/products 
      method - POST 
      IP - ::1
     {"timestamp":"2021-05-28T16:41:48.947Z"}
error: 
    status - 500 
    message - ValidationError: "name" length must be at least 3 characters long 
    url - /api/v1/products 
    method - POST 
    IP - ::1
   {"timestamp":"2021-05-28T16:42:39.161Z"}
error: 
      status - 400
      message - Name isn´t equals to Laptop 
      url - /api/v1/products 
      method - POST 
      IP - ::1
     {"timestamp":"2021-05-28T16:42:47.030Z"}
error: 
      status - 400
      message - Name isn´t equals to Laptop 
      url - /api/v1/products 
      method - POST 
      IP - ::1
     {"timestamp":"2021-05-28T16:44:07.844Z"}
error: 
    status - 500 
    message - ValidationError: "name" length must be at least 3 characters long 
    url - /api/v1/products 
    method - POST 
    IP - ::1
   {"timestamp":"2021-05-28T16:44:09.993Z"}
error: 
      status - 400
      message - Name isn´t equals to Laptop 
      url - /api/v1/products 
      method - POST 
      IP - ::1
     {"timestamp":"2021-05-28T16:48:11.298Z"}
error: 
      status - 400
      message - Name isn´t equals to Laptop 
      url - /api/v1/products 
      method - POST 
      IP - ::1
     {"timestamp":"2021-05-28T16:48:38.192Z"}
error: 
      status - 400
      message - Name isn´t equals to Laptop 
      url - /api/v1/products 
      method - POST 
      IP - ::1
     {"timestamp":"2021-05-28T16:48:58.847Z"}
error: 
      status - 400
      message - Name isn´t equals to Laptop 
      url - /api/v1/products 
      method - POST 
      IP - ::1
     {"timestamp":"2021-05-28T16:52:12.487Z"}
error: 
    status - 500 
    message - ValidationError: "name" length must be at least 3 characters long 
    url - /api/v1/products 
    method - POST 
    IP - ::1
   {"timestamp":"2021-05-28T16:52:24.881Z"}
error: 
    status - 500 
    message - ValidationError: "name" length must be at least 3 characters long 
    url - /api/v1/products 
    method - POST 
    IP - ::1
   {"timestamp":"2021-05-28T16:52:52.861Z"}
error: 
      status - 400
      message - Name isn´t equals to Laptop 
      url - /api/v1/products 
      method - POST 
      IP - ::1
     {"timestamp":"2021-05-28T16:52:56.489Z"}
error: 
      status - 400
      message - Name isn´t equals to Laptop 
      url - /api/v1/products 
      method - POST 
      IP - ::1
     {"timestamp":"2021-05-28T16:59:53.756Z"}
error: 
      status - 400
      message - Name isn´t equals to Laptop 
      url - /api/v1/products 
      method - POST 
      IP - ::1
     {"timestamp":"2021-05-28T17:01:10.386Z"}
error: 
      status - 400
      message - Name isn´t equals to Laptop 
      url - /api/v1/products 
      method - POST 
      IP - ::1
     {"timestamp":"2021-05-28T17:04:49.204Z"}
error: 
      status - 400
      message - Name isn´t equals to Laptop 
      url - /api/v1/products 
      method - POST 
      IP - ::1
     {"timestamp":"2021-05-28T17:05:15.020Z"}
error: 
    status - 500 
    message - ValidationError: "name" length must be at least 3 characters long 
    url - /api/v1/products 
    method - POST 
    IP - ::1
   {"timestamp":"2021-05-28T17:05:19.552Z"}
error: 
    status - 500 
    message - ValidationError: "name" length must be at least 3 characters long 
    url - /api/v1/products 
    method - POST 
    IP - ::1
   {"timestamp":"2021-05-28T17:07:07.991Z"}
error: 
    status - 500 
    message - ValidationError: "name" length must be at least 3 characters long 
    url - /api/v1/products 
    method - POST 
    IP - ::1
   {"timestamp":"2021-05-28T17:07:18.804Z"}
error: 
    status - 500 
    message - ValidationError: "name" length must be at least 3 characters long 
    url - /api/v1/products 
    method - POST 
    IP - ::1
   {"timestamp":"2021-05-28T17:09:37.620Z"}
error: 
      status - 400
      message - Name isn´t equals to Laptop 
      url - /api/v1/products 
      method - POST 
      IP - ::1
     {"timestamp":"2021-05-28T17:09:42.162Z"}
error: 
    status - 500 
    message - ValidationError: "name" length must be at least 3 characters long 
    url - /api/v1/products 
    method - POST 
    IP - ::1
   {"timestamp":"2021-05-28T17:09:53.492Z"}
error: 
      status - 400
      message - Name isn´t equals to Laptop 
      url - /api/v1/products 
      method - POST 
      IP - ::1
     {"timestamp":"2021-05-28T17:09:56.676Z"}
error: 
      status - 400
      message - Name isn´t equals to Laptop 
      url - /api/v1/products 
      method - POST 
      IP - ::1
     {"timestamp":"2021-05-28T17:10:06.313Z"}
error: 
    status - 500 
    message - ValidationError: "name" length must be at least 3 characters long 
    url - /api/v1/products 
    method - POST 
    IP - ::1
   {"timestamp":"2021-05-28T17:10:09.291Z"}
error: 
    status - 500 
    message - ValidationError: "name" length must be at least 3 characters long 
    url - /api/v1/products 
    method - POST 
    IP - ::1
   {"timestamp":"2021-05-28T17:10:38.403Z"}
error: 
    status - 500 
    message - ValidationError: "name" length must be at least 3 characters long 
    url - /api/v1/products 
    method - POST 
    IP - ::1
   {"timestamp":"2021-05-28T17:10:46.844Z"}
error: 
      status - 400
      message - Name isn´t equals to Laptop 
      url - /api/v1/products 
      method - POST 
      IP - ::1
     {"timestamp":"2021-05-28T17:10:52.807Z"}
error: 
    status - 500 
    message - ValidationError: "name" length must be at least 3 characters long 
    url - /api/v1/products 
    method - POST 
    IP - ::1
   {"timestamp":"2021-05-28T17:10:55.520Z"}
error: 
      status - 400
      message - Name isn´t equals to Laptop 
      url - /api/v1/products 
      method - POST 
      IP - ::1
     {"timestamp":"2021-05-28T17:11:00.959Z"}
error: 
    status - 500 
    message - ValidationError: "name" length must be at least 3 characters long 
    url - /api/v1/products 
    method - POST 
    IP - ::1
   {"timestamp":"2021-05-28T17:11:05.646Z"}
error: 
    status - 500 
    message - ValidationError: "name" length must be at least 3 characters long 
    url - /api/v1/products 
    method - POST 
    IP - ::1
   {"timestamp":"2021-05-28T17:21:56.792Z"}
error: 
      status - 400
      message - Name isn´t equals to Laptop 
      url - /api/v1/products 
      method - POST 
      IP - ::1
     {"timestamp":"2021-05-28T17:22:05.217Z"}
error: 
    status - 500 
    message - ValidationError: "name" length must be at least 3 characters long 
    url - /api/v1/products 
    method - POST 
    IP - ::1
   {"timestamp":"2021-05-28T17:22:18.125Z"}
error: 
      status - 400
      message - Name isn´t equals to Laptop 
      url - /api/v1/products 
      method - POST 
      IP - ::1
     {"timestamp":"2021-05-28T17:22:22.556Z"}
error: 
      status - 400
      message - Name isn´t equals to Laptop 
      url - /api/v1/products 
      method - POST 
      IP - ::1
     {"timestamp":"2021-05-28T17:22:29.352Z"}
error: 
      status - 400
      message - Name isn´t equals to Laptop 
      url - /api/v1/products 
      method - POST 
      IP - ::1
     {"timestamp":"2021-05-28T17:58:37.430Z"}
error: 
      status - 400
      message - Name isn´t equals to Laptop 
      url - /api/v1/products 
      method - POST 
      IP - ::1
     {"timestamp":"2021-05-28T17:58:39.399Z"}
error: 
      status - 400
      message - Name isn´t equals to Laptop 
      url - /api/v1/products 
      method - POST 
      IP - ::1
     {"timestamp":"2021-05-28T17:58:41.626Z"}
error: 
    status - 500 
    message - ValidationError: "name" is not allowed to be empty 
    url - /api/v1/products 
    method - POST 
    IP - ::1
   {"timestamp":"2021-05-28T18:48:53.396Z"}
error: 
    status - 500 
    message - ValidationError: "name" is not allowed to be empty 
    url - /api/v1/products 
    method - POST 
    IP - ::1
   {"timestamp":"2021-05-28T18:49:04.123Z"}
error: 
    status - 500 
    message - ValidationError: "name" is not allowed to be empty 
    url - /api/v1/products 
    method - POST 
    IP - ::1
   {"timestamp":"2021-05-28T18:49:09.218Z"}
error: 
    status - 500 
    message - ValidationError: "id" is not allowed 
    url - /api/v1/products/17 
    method - PUT 
    IP - ::1
   {"timestamp":"2021-05-28T18:49:21.049Z"}
error: 
    status - 500 
    message - ValidationError: "name" is not allowed to be empty 
    url - /api/v1/products 
    method - POST 
    IP - ::1
   {"timestamp":"2021-05-28T18:52:28.437Z"}
error: 
    status - 500 
    message - ValidationError: "createdAt" is not allowed 
    url - /api/v1/products/19 
    method - PUT 
    IP - ::1
   {"timestamp":"2021-05-28T18:52:38.893Z"}
error: 
    status - 500 
    message - ValidationError: "createdAt" is not allowed 
    url - /api/v1/products/17 
    method - PUT 
    IP - ::1
   {"timestamp":"2021-05-28T18:53:44.497Z"}
error: 
    status - 500 
    message - ValidationError: "id" is not allowed 
    url - /api/v1/products/18 
    method - PUT 
    IP - ::1
   {"timestamp":"2021-05-28T19:06:44.836Z"}
error: 
    status - 500 
    message - ValidationError: "id" is not allowed 
    url - /api/v1/products/17 
    method - PUT 
    IP - ::1
   {"timestamp":"2021-05-28T19:08:04.644Z"}
error: 
    status - 500 
    message - ValidationError: "name" is not allowed to be empty 
    url - /api/v1/products 
    method - POST 
    IP - ::1
   {"timestamp":"2021-05-28T19:18:02.937Z"}
error: 
    status - 500 
    message - ValidationError: "name" length must be at least 3 characters long 
    url - /api/v1/products/1 
    method - PUT 
    IP - ::1
   {"timestamp":"2021-05-28T19:40:09.088Z"}
error: 
    status - 500 
    message - ValidationError: "name" length must be at least 3 characters long 
    url - /api/v1/products/1 
    method - PUT 
    IP - ::1
   {"timestamp":"2021-05-28T19:42:16.411Z"}
error: 
    status - 500 
    message - ValidationError: "name" length must be at least 3 characters long 
    url - /api/v1/products/1 
    method - PUT 
    IP - ::1
   {"timestamp":"2021-05-28T19:43:57.809Z"}
error: 
    status - 500 
    message - ValidationError: "name" length must be at least 3 characters long 
    url - /api/v1/products/1 
    method - PUT 
    IP - ::1
   {"timestamp":"2021-05-28T19:44:16.502Z"}
error: 
    status - 500 
    message - ValidationError: "name" length must be at least 3 characters long 
    url - /api/v1/products/1 
    method - PUT 
    IP - ::1
   {"timestamp":"2021-05-28T19:50:46.142Z"}
error: 
    status - 500 
    message - ValidationError: "name" length must be at least 3 characters long 
    url - /api/v1/products/1 
    method - PUT 
    IP - ::1
   {"timestamp":"2021-05-28T19:54:25.202Z"}
error: 
      status - 400
      message - Name isn´t equals to Laptop 
      url - /api/v1/products 
      method - POST 
      IP - ::1
     {"timestamp":"2021-05-28T19:54:32.051Z"}
error: 
    status - 500 
    message - ValidationError: "name" length must be at least 3 characters long 
    url - /api/v1/products/1 
    method - PUT 
    IP - ::1
   {"timestamp":"2021-05-28T20:03:58.065Z"}
error: 
    status - 500 
    message - ValidationError: "name" length must be at least 3 characters long 
    url - /api/v1/products/1 
    method - PUT 
    IP - ::1
   {"timestamp":"2021-05-28T20:08:16.445Z"}
error: 
    status - 500 
    message - ValidationError: "name" length must be at least 3 characters long 
    url - /api/v1/products/1 
    method - PUT 
    IP - ::1
   {"timestamp":"2021-05-28T20:08:41.616Z"}
error: 
    status - 500 
    message - ValidationError: "brand" length must be at least 2 characters long 
    url - /api/v1/products/2 
    method - PUT 
    IP - ::1
   {"timestamp":"2021-05-28T20:08:52.633Z"}
error: 
    status - 500 
    message - ValidationError: "stock" must be larger than or equal to 1 
    url - /api/v1/products/1 
    method - PUT 
    IP - ::1
   {"timestamp":"2021-05-28T20:10:08.070Z"}
error: 
    status - 500 
    message - ValidationError: "stock" must be larger than or equal to 1 
    url - /api/v1/products/1 
    method - PUT 
    IP - ::1
   {"timestamp":"2021-05-28T20:10:17.197Z"}
error: 
      status - 400
      message - Name isn´t equals to Laptop 
      url - /api/v1/products 
      method - POST 
      IP - ::1
     {"timestamp":"2021-05-28T20:10:45.763Z"}
error: 
      status - 400
      message - Name isn´t equals to Laptop 
      url - /api/v1/products 
      method - POST 
      IP - ::1
     {"timestamp":"2021-05-28T20:34:44.442Z"}
error: 
    status - 500 
    message - ValidationError: "name" length must be at least 3 characters long 
    url - /api/v1/products/1 
    method - PUT 
    IP - ::1
   {"timestamp":"2021-05-28T20:43:15.705Z"}
error: 
    status - 500 
    message - ValidationError: "name" length must be at least 3 characters long 
    url - /api/v1/products/1 
    method - PUT 
    IP - ::1
   {"timestamp":"2021-05-28T20:43:39.278Z"}
error: 
    status - 500 
    message - ValidationError: "name" length must be at least 3 characters long 
    url - /api/v1/products/1 
    method - PUT 
    IP - ::1
   {"timestamp":"2021-05-28T22:42:09.422Z"}
error: uncaughtException: Route.get() requires a callback function but got a [object Undefined]
Error: Route.get() requires a callback function but got a [object Undefined]
    at Route.<computed> [as get] (C:\Users\jairr\Documents\CS21\fullstack-app\server\node_modules\express\lib\router\route.js:202:15)
    at Function.proto.<computed> [as get] (C:\Users\jairr\Documents\CS21\fullstack-app\server\node_modules\express\lib\router\index.js:510:19)
    at Object.<anonymous> (C:\Users\jairr\Documents\CS21\fullstack-app\server\build\routes\buy.route.js:26:8)
    at Module._compile (internal/modules/cjs/loader.js:1063:30)
    at Object.Module._extensions..js (internal/modules/cjs/loader.js:1092:10)
    at Module.load (internal/modules/cjs/loader.js:928:32)
    at Function.Module._load (internal/modules/cjs/loader.js:769:14)
    at Module.require (internal/modules/cjs/loader.js:952:19)
    at require (internal/modules/cjs/helpers.js:88:18)
    at Object.<anonymous> (C:\Users\jairr\Documents\CS21\fullstack-app\server\build\routes\index.js:16:35) {"error":{},"stack":"Error: Route.get() requires a callback function but got a [object Undefined]\n    at Route.<computed> [as get] (C:\\Users\\jairr\\Documents\\CS21\\fullstack-app\\server\\node_modules\\express\\lib\\router\\route.js:202:15)\n    at Function.proto.<computed> [as get] (C:\\Users\\jairr\\Documents\\CS21\\fullstack-app\\server\\node_modules\\express\\lib\\router\\index.js:510:19)\n    at Object.<anonymous> (C:\\Users\\jairr\\Documents\\CS21\\fullstack-app\\server\\build\\routes\\buy.route.js:26:8)\n    at Module._compile (internal/modules/cjs/loader.js:1063:30)\n    at Object.Module._extensions..js (internal/modules/cjs/loader.js:1092:10)\n    at Module.load (internal/modules/cjs/loader.js:928:32)\n    at Function.Module._load (internal/modules/cjs/loader.js:769:14)\n    at Module.require (internal/modules/cjs/loader.js:952:19)\n    at require (internal/modules/cjs/helpers.js:88:18)\n    at Object.<anonymous> (C:\\Users\\jairr\\Documents\\CS21\\fullstack-app\\server\\build\\routes\\index.js:16:35)","exception":true,"date":"Fri May 28 2021 18:24:22 GMT-0500 (hora de verano central)","process":{"pid":5700,"uid":null,"gid":null,"cwd":"C:\\Users\\jairr\\Documents\\CS21\\fullstack-app\\server","execPath":"C:\\Program Files\\nodejs\\node.exe","version":"v14.15.5","argv":["C:\\Program Files\\nodejs\\node.exe","C:\\Users\\jairr\\Documents\\CS21\\fullstack-app\\server\\build\\index.js"],"memoryUsage":{"rss":62324736,"heapTotal":33619968,"heapUsed":20686752,"external":1757765,"arrayBuffers":325093}},"os":{"loadavg":[0,0,0],"uptime":444298},"trace":[{"column":15,"file":"C:\\Users\\jairr\\Documents\\CS21\\fullstack-app\\server\\node_modules\\express\\lib\\router\\route.js","function":"Route.<computed> [as get]","line":202,"method":"<computed> [as get]","native":false},{"column":19,"file":"C:\\Users\\jairr\\Documents\\CS21\\fullstack-app\\server\\node_modules\\express\\lib\\router\\index.js","function":"Function.proto.<computed> [as get]","line":510,"method":"<computed> [as get]","native":false},{"column":8,"file":"C:\\Users\\jairr\\Documents\\CS21\\fullstack-app\\server\\build\\routes\\buy.route.js","function":null,"line":26,"method":null,"native":false},{"column":30,"file":"internal/modules/cjs/loader.js","function":"Module._compile","line":1063,"method":"_compile","native":false},{"column":10,"file":"internal/modules/cjs/loader.js","function":"Module._extensions..js","line":1092,"method":".js","native":false},{"column":32,"file":"internal/modules/cjs/loader.js","function":"Module.load","line":928,"method":"load","native":false},{"column":14,"file":"internal/modules/cjs/loader.js","function":"Module._load","line":769,"method":"_load","native":false},{"column":19,"file":"internal/modules/cjs/loader.js","function":"Module.require","line":952,"method":"require","native":false},{"column":18,"file":"internal/modules/cjs/helpers.js","function":"require","line":88,"method":null,"native":false},{"column":35,"file":"C:\\Users\\jairr\\Documents\\CS21\\fullstack-app\\server\\build\\routes\\index.js","function":null,"line":16,"method":null,"native":false}],"timestamp":"2021-05-28T23:24:23.121Z"}
error: uncaughtException: Route.post() requires a callback function but got a [object Undefined]
Error: Route.post() requires a callback function but got a [object Undefined]
    at Route.<computed> [as post] (C:\Users\jairr\Documents\CS21\fullstack-app\server\node_modules\express\lib\router\route.js:202:15)
    at Function.proto.<computed> [as post] (C:\Users\jairr\Documents\CS21\fullstack-app\server\node_modules\express\lib\router\index.js:510:19)
    at Object.<anonymous> (C:\Users\jairr\Documents\CS21\fullstack-app\server\build\routes\buy.route.js:28:8)
    at Module._compile (internal/modules/cjs/loader.js:1063:30)
    at Object.Module._extensions..js (internal/modules/cjs/loader.js:1092:10)
    at Module.load (internal/modules/cjs/loader.js:928:32)
    at Function.Module._load (internal/modules/cjs/loader.js:769:14)
    at Module.require (internal/modules/cjs/loader.js:952:19)
    at require (internal/modules/cjs/helpers.js:88:18)
    at Object.<anonymous> (C:\Users\jairr\Documents\CS21\fullstack-app\server\build\routes\index.js:16:35) {"error":{},"stack":"Error: Route.post() requires a callback function but got a [object Undefined]\n    at Route.<computed> [as post] (C:\\Users\\jairr\\Documents\\CS21\\fullstack-app\\server\\node_modules\\express\\lib\\router\\route.js:202:15)\n    at Function.proto.<computed> [as post] (C:\\Users\\jairr\\Documents\\CS21\\fullstack-app\\server\\node_modules\\express\\lib\\router\\index.js:510:19)\n    at Object.<anonymous> (C:\\Users\\jairr\\Documents\\CS21\\fullstack-app\\server\\build\\routes\\buy.route.js:28:8)\n    at Module._compile (internal/modules/cjs/loader.js:1063:30)\n    at Object.Module._extensions..js (internal/modules/cjs/loader.js:1092:10)\n    at Module.load (internal/modules/cjs/loader.js:928:32)\n    at Function.Module._load (internal/modules/cjs/loader.js:769:14)\n    at Module.require (internal/modules/cjs/loader.js:952:19)\n    at require (internal/modules/cjs/helpers.js:88:18)\n    at Object.<anonymous> (C:\\Users\\jairr\\Documents\\CS21\\fullstack-app\\server\\build\\routes\\index.js:16:35)","exception":true,"date":"Fri May 28 2021 18:26:23 GMT-0500 (hora de verano central)","process":{"pid":12976,"uid":null,"gid":null,"cwd":"C:\\Users\\jairr\\Documents\\CS21\\fullstack-app\\server","execPath":"C:\\Program Files\\nodejs\\node.exe","version":"v14.15.5","argv":["C:\\Program Files\\nodejs\\node.exe","C:\\Users\\jairr\\Documents\\CS21\\fullstack-app\\server\\build\\index.js"],"memoryUsage":{"rss":61878272,"heapTotal":33619968,"heapUsed":20595264,"external":1742627,"arrayBuffers":309955}},"os":{"loadavg":[0,0,0],"uptime":444419},"trace":[{"column":15,"file":"C:\\Users\\jairr\\Documents\\CS21\\fullstack-app\\server\\node_modules\\express\\lib\\router\\route.js","function":"Route.<computed> [as post]","line":202,"method":"<computed> [as post]","native":false},{"column":19,"file":"C:\\Users\\jairr\\Documents\\CS21\\fullstack-app\\server\\node_modules\\express\\lib\\router\\index.js","function":"Function.proto.<computed> [as post]","line":510,"method":"<computed> [as post]","native":false},{"column":8,"file":"C:\\Users\\jairr\\Documents\\CS21\\fullstack-app\\server\\build\\routes\\buy.route.js","function":null,"line":28,"method":null,"native":false},{"column":30,"file":"internal/modules/cjs/loader.js","function":"Module._compile","line":1063,"method":"_compile","native":false},{"column":10,"file":"internal/modules/cjs/loader.js","function":"Module._extensions..js","line":1092,"method":".js","native":false},{"column":32,"file":"internal/modules/cjs/loader.js","function":"Module.load","line":928,"method":"load","native":false},{"column":14,"file":"internal/modules/cjs/loader.js","function":"Module._load","line":769,"method":"_load","native":false},{"column":19,"file":"internal/modules/cjs/loader.js","function":"Module.require","line":952,"method":"require","native":false},{"column":18,"file":"internal/modules/cjs/helpers.js","function":"require","line":88,"method":null,"native":false},{"column":35,"file":"C:\\Users\\jairr\\Documents\\CS21\\fullstack-app\\server\\build\\routes\\index.js","function":null,"line":16,"method":null,"native":false}],"timestamp":"2021-05-28T23:26:23.651Z"}
error: 
    status - 500 
    message - TypeError: BuyService.newBuy is not a function
    at _callee2$ (C:\Users\jairr\Documents\CS21\fullstack-app\server\build\controllers\buy.controller.js:74:31)
    at tryCatch (C:\Users\jairr\Documents\CS21\fullstack-app\server\node_modules\regenerator-runtime\runtime.js:63:40)
    at Generator.invoke [as _invoke] (C:\Users\jairr\Documents\CS21\fullstack-app\server\node_modules\regenerator-runtime\runtime.js:293:22)
    at Generator.next (C:\Users\jairr\Documents\CS21\fullstack-app\server\node_modules\regenerator-runtime\runtime.js:118:21)
    at asyncGeneratorStep (C:\Users\jairr\Documents\CS21\fullstack-app\server\node_modules\@babel\runtime\helpers\asyncToGenerator.js:3:24)
    at _next (C:\Users\jairr\Documents\CS21\fullstack-app\server\node_modules\@babel\runtime\helpers\asyncToGenerator.js:25:9)
    at C:\Users\jairr\Documents\CS21\fullstack-app\server\node_modules\@babel\runtime\helpers\asyncToGenerator.js:32:7
    at new Promise (<anonymous>)
    at C:\Users\jairr\Documents\CS21\fullstack-app\server\node_modules\@babel\runtime\helpers\asyncToGenerator.js:21:12
    at newBuy (C:\Users\jairr\Documents\CS21\fullstack-app\server\build\controllers\buy.controller.js:100:18) 
    url - /api/v1/buys 
    method - POST 
    IP - ::1
   {"timestamp":"2021-05-29T00:17:12.633Z"}
error: uncaughtException: A column called 'id' was added to the attributes of 'buys' but not marked with 'primaryKey: true'
Error: A column called 'id' was added to the attributes of 'buys' but not marked with 'primaryKey: true'
    at Function._addDefaultAttributes (C:\Users\jairr\Documents\CS21\fullstack-app\server\node_modules\sequelize\lib\model.js:228:15)
    at Function.init (C:\Users\jairr\Documents\CS21\fullstack-app\server\node_modules\sequelize\lib\model.js:1060:10)
    at module.exports (C:\Users\jairr\Documents\CS21\fullstack-app\server\build\models\buy.js:40:7)
    at Object.<anonymous> (C:\Users\jairr\Documents\CS21\fullstack-app\server\build\services\buy.service.js:22:35)
    at Module._compile (internal/modules/cjs/loader.js:1063:30)
    at Object.Module._extensions..js (internal/modules/cjs/loader.js:1092:10)
    at Module.load (internal/modules/cjs/loader.js:928:32)
    at Function.Module._load (internal/modules/cjs/loader.js:769:14)
    at Module.require (internal/modules/cjs/loader.js:952:19)
    at require (internal/modules/cjs/helpers.js:88:18) {"error":{},"stack":"Error: A column called 'id' was added to the attributes of 'buys' but not marked with 'primaryKey: true'\n    at Function._addDefaultAttributes (C:\\Users\\jairr\\Documents\\CS21\\fullstack-app\\server\\node_modules\\sequelize\\lib\\model.js:228:15)\n    at Function.init (C:\\Users\\jairr\\Documents\\CS21\\fullstack-app\\server\\node_modules\\sequelize\\lib\\model.js:1060:10)\n    at module.exports (C:\\Users\\jairr\\Documents\\CS21\\fullstack-app\\server\\build\\models\\buy.js:40:7)\n    at Object.<anonymous> (C:\\Users\\jairr\\Documents\\CS21\\fullstack-app\\server\\build\\services\\buy.service.js:22:35)\n    at Module._compile (internal/modules/cjs/loader.js:1063:30)\n    at Object.Module._extensions..js (internal/modules/cjs/loader.js:1092:10)\n    at Module.load (internal/modules/cjs/loader.js:928:32)\n    at Function.Module._load (internal/modules/cjs/loader.js:769:14)\n    at Module.require (internal/modules/cjs/loader.js:952:19)\n    at require (internal/modules/cjs/helpers.js:88:18)","exception":true,"date":"Fri May 28 2021 19:18:20 GMT-0500 (hora de verano central)","process":{"pid":13276,"uid":null,"gid":null,"cwd":"C:\\Users\\jairr\\Documents\\CS21\\fullstack-app\\server","execPath":"C:\\Program Files\\nodejs\\node.exe","version":"v14.15.5","argv":["C:\\Program Files\\nodejs\\node.exe","C:\\Users\\jairr\\Documents\\CS21\\fullstack-app\\server\\build\\index.js"],"memoryUsage":{"rss":61652992,"heapTotal":33619968,"heapUsed":20693856,"external":1729278,"arrayBuffers":296606}},"os":{"loadavg":[0,0,0],"uptime":447535},"trace":[{"column":15,"file":"C:\\Users\\jairr\\Documents\\CS21\\fullstack-app\\server\\node_modules\\sequelize\\lib\\model.js","function":"Function._addDefaultAttributes","line":228,"method":"_addDefaultAttributes","native":false},{"column":10,"file":"C:\\Users\\jairr\\Documents\\CS21\\fullstack-app\\server\\node_modules\\sequelize\\lib\\model.js","function":"Function.init","line":1060,"method":"init","native":false},{"column":7,"file":"C:\\Users\\jairr\\Documents\\CS21\\fullstack-app\\server\\build\\models\\buy.js","function":"module.exports","line":40,"method":"exports","native":false},{"column":35,"file":"C:\\Users\\jairr\\Documents\\CS21\\fullstack-app\\server\\build\\services\\buy.service.js","function":null,"line":22,"method":null,"native":false},{"column":30,"file":"internal/modules/cjs/loader.js","function":"Module._compile","line":1063,"method":"_compile","native":false},{"column":10,"file":"internal/modules/cjs/loader.js","function":"Module._extensions..js","line":1092,"method":".js","native":false},{"column":32,"file":"internal/modules/cjs/loader.js","function":"Module.load","line":928,"method":"load","native":false},{"column":14,"file":"internal/modules/cjs/loader.js","function":"Module._load","line":769,"method":"_load","native":false},{"column":19,"file":"internal/modules/cjs/loader.js","function":"Module.require","line":952,"method":"require","native":false},{"column":18,"file":"internal/modules/cjs/helpers.js","function":"require","line":88,"method":null,"native":false}],"timestamp":"2021-05-29T00:18:20.407Z"}
error: 
    status - 500 
    message - ValidationError: "amount" is not allowed 
    url - /api/v1/products 
    method - POST 
    IP - ::1
   {"timestamp":"2021-05-29T00:43:15.051Z"}
error: 
    status - 500 
    message - ReferenceError: Employee is not defined
    at _callee6$ (C:\Users\jairr\Documents\CS21\fullstack-app\server\build\services\product.service.js:186:13)
    at tryCatch (C:\Users\jairr\Documents\CS21\fullstack-app\server\node_modules\regenerator-runtime\runtime.js:63:40)
    at Generator.invoke [as _invoke] (C:\Users\jairr\Documents\CS21\fullstack-app\server\node_modules\regenerator-runtime\runtime.js:293:22)
    at Generator.next (C:\Users\jairr\Documents\CS21\fullstack-app\server\node_modules\regenerator-runtime\runtime.js:118:21)
    at asyncGeneratorStep (C:\Users\jairr\Documents\CS21\fullstack-app\server\node_modules\@babel\runtime\helpers\asyncToGenerator.js:3:24)
    at _next (C:\Users\jairr\Documents\CS21\fullstack-app\server\node_modules\@babel\runtime\helpers\asyncToGenerator.js:25:9)
    at C:\Users\jairr\Documents\CS21\fullstack-app\server\node_modules\@babel\runtime\helpers\asyncToGenerator.js:32:7
    at new Promise (<anonymous>)
    at Object.<anonymous> (C:\Users\jairr\Documents\CS21\fullstack-app\server\node_modules\@babel\runtime\helpers\asyncToGenerator.js:21:12)
    at Object.updateAmountProduct (C:\Users\jairr\Documents\CS21\fullstack-app\server\build\services\product.service.js:207:18) 
    url - /api/v1/buys 
    method - POST 
    IP - ::1
   {"timestamp":"2021-05-29T01:09:44.843Z"}
error: 
    status - 500 
    message - ValidationError: "firstName" is required 
    url - /api/v1/users/signin 
    method - POST 
    IP - ::1
   {"timestamp":"2021-05-29T03:50:36.344Z"}
error: 
      status - 400
      message - Name isn´t equals to Laptop 
      url - /api/v1/products 
      method - POST 
      IP - ::1
     {"timestamp":"2021-05-29T20:07:06.671Z"}
error: 
    status - 500 
    message - ValidationError: "image" is required 
    url - /api/v1/products/1 
    method - PUT 
    IP - ::1
   {"timestamp":"2021-05-29T20:07:23.359Z"}
error: 
      status - 400
      message - Name isn´t equals to Laptop 
      url - /api/v1/products 
      method - POST 
      IP - ::1
     {"timestamp":"2021-05-29T20:08:05.939Z"}
error: 
    status - 500 
    message - Error: WHERE parameter "id" has invalid "undefined" value
    at MySQLQueryGenerator.whereItemQuery (C:\Users\jairr\Documents\CS21\fullstack-app\server\node_modules\sequelize\lib\dialects\abstract\query-generator.js:2269:13)
    at C:\Users\jairr\Documents\CS21\fullstack-app\server\node_modules\sequelize\lib\dialects\abstract\query-generator.js:2258:25
    at Array.forEach (<anonymous>)
    at MySQLQueryGenerator.whereItemsQuery (C:\Users\jairr\Documents\CS21\fullstack-app\server\node_modules\sequelize\lib\dialects\abstract\query-generator.js:2256:35)
    at C:\Users\jairr\Documents\CS21\fullstack-app\server\node_modules\sequelize\lib\dialects\abstract\query-generator.js:2392:30
    at Array.map (<anonymous>)
    at MySQLQueryGenerator._whereGroupBind (C:\Users\jairr\Documents\CS21\fullstack-app\server\node_modules\sequelize\lib\dialects\abstract\query-generator.js:2391:21)
    at MySQLQueryGenerator.whereItemQuery (C:\Users\jairr\Documents\CS21\fullstack-app\server\node_modules\sequelize\lib\dialects\abstract\query-generator.js:2327:19)
    at C:\Users\jairr\Documents\CS21\fullstack-app\server\node_modules\sequelize\lib\dialects\abstract\query-generator.js:2258:25
    at Array.forEach (<anonymous>) 
    url - /api/v1/buys 
    method - POST 
    IP - ::1
   {"timestamp":"2021-05-29T20:39:43.445Z"}
error: 
    status - 500 
    message - SequelizeUniqueConstraintError: Validation error
    at Query.formatError (C:\Users\jairr\Documents\CS21\fullstack-app\server\node_modules\sequelize\lib\dialects\mysql\query.js:242:16)
    at Query.run (C:\Users\jairr\Documents\CS21\fullstack-app\server\node_modules\sequelize\lib\dialects\mysql\query.js:77:18)
    at processTicksAndRejections (internal/process/task_queues.js:93:5)
    at async C:\Users\jairr\Documents\CS21\fullstack-app\server\node_modules\sequelize\lib\sequelize.js:619:16
    at async MySQLQueryInterface.insert (C:\Users\jairr\Documents\CS21\fullstack-app\server\node_modules\sequelize\lib\dialects\abstract\query-interface.js:749:21)
    at async buy.save (C:\Users\jairr\Documents\CS21\fullstack-app\server\node_modules\sequelize\lib\model.js:3954:35)
    at async Function.create (C:\Users\jairr\Documents\CS21\fullstack-app\server\node_modules\sequelize\lib\model.js:2207:12) 
    url - /api/v1/buys 
    method - POST 
    IP - ::1
   {"timestamp":"2021-05-29T20:42:32.129Z"}
error: 
    status - 500 
    message - SequelizeUniqueConstraintError: Validation error
    at Query.formatError (C:\Users\jairr\Documents\CS21\fullstack-app\server\node_modules\sequelize\lib\dialects\mysql\query.js:242:16)
    at Query.run (C:\Users\jairr\Documents\CS21\fullstack-app\server\node_modules\sequelize\lib\dialects\mysql\query.js:77:18)
    at processTicksAndRejections (internal/process/task_queues.js:93:5)
    at async C:\Users\jairr\Documents\CS21\fullstack-app\server\node_modules\sequelize\lib\sequelize.js:619:16
    at async MySQLQueryInterface.insert (C:\Users\jairr\Documents\CS21\fullstack-app\server\node_modules\sequelize\lib\dialects\abstract\query-interface.js:749:21)
    at async buy.save (C:\Users\jairr\Documents\CS21\fullstack-app\server\node_modules\sequelize\lib\model.js:3954:35)
    at async Function.create (C:\Users\jairr\Documents\CS21\fullstack-app\server\node_modules\sequelize\lib\model.js:2207:12) 
    url - /api/v1/buys 
    method - POST 
    IP - ::1
   {"timestamp":"2021-05-29T20:42:32.138Z"}
error: 
    status - 500 
    message - Error: WHERE parameter "id" has invalid "undefined" value
    at MySQLQueryGenerator.whereItemQuery (C:\Users\jairr\Documents\CS21\fullstack-app\server\node_modules\sequelize\lib\dialects\abstract\query-generator.js:2269:13)
    at C:\Users\jairr\Documents\CS21\fullstack-app\server\node_modules\sequelize\lib\dialects\abstract\query-generator.js:2258:25
    at Array.forEach (<anonymous>)
    at MySQLQueryGenerator.whereItemsQuery (C:\Users\jairr\Documents\CS21\fullstack-app\server\node_modules\sequelize\lib\dialects\abstract\query-generator.js:2256:35)
    at C:\Users\jairr\Documents\CS21\fullstack-app\server\node_modules\sequelize\lib\dialects\abstract\query-generator.js:2392:30
    at Array.map (<anonymous>)
    at MySQLQueryGenerator._whereGroupBind (C:\Users\jairr\Documents\CS21\fullstack-app\server\node_modules\sequelize\lib\dialects\abstract\query-generator.js:2391:21)
    at MySQLQueryGenerator.whereItemQuery (C:\Users\jairr\Documents\CS21\fullstack-app\server\node_modules\sequelize\lib\dialects\abstract\query-generator.js:2327:19)
    at C:\Users\jairr\Documents\CS21\fullstack-app\server\node_modules\sequelize\lib\dialects\abstract\query-generator.js:2258:25
    at Array.forEach (<anonymous>) 
    url - /api/v1/buys 
    method - POST 
    IP - ::1
   {"timestamp":"2021-05-29T20:43:31.488Z"}
error: 
    status - 500 
    message - Error: WHERE parameter "id" has invalid "undefined" value
    at MySQLQueryGenerator.whereItemQuery (C:\Users\jairr\Documents\CS21\fullstack-app\server\node_modules\sequelize\lib\dialects\abstract\query-generator.js:2269:13)
    at C:\Users\jairr\Documents\CS21\fullstack-app\server\node_modules\sequelize\lib\dialects\abstract\query-generator.js:2258:25
    at Array.forEach (<anonymous>)
    at MySQLQueryGenerator.whereItemsQuery (C:\Users\jairr\Documents\CS21\fullstack-app\server\node_modules\sequelize\lib\dialects\abstract\query-generator.js:2256:35)
    at C:\Users\jairr\Documents\CS21\fullstack-app\server\node_modules\sequelize\lib\dialects\abstract\query-generator.js:2392:30
    at Array.map (<anonymous>)
    at MySQLQueryGenerator._whereGroupBind (C:\Users\jairr\Documents\CS21\fullstack-app\server\node_modules\sequelize\lib\dialects\abstract\query-generator.js:2391:21)
    at MySQLQueryGenerator.whereItemQuery (C:\Users\jairr\Documents\CS21\fullstack-app\server\node_modules\sequelize\lib\dialects\abstract\query-generator.js:2327:19)
    at C:\Users\jairr\Documents\CS21\fullstack-app\server\node_modules\sequelize\lib\dialects\abstract\query-generator.js:2258:25
    at Array.forEach (<anonymous>) 
    url - /api/v1/buys 
    method - POST 
    IP - ::1
   {"timestamp":"2021-05-29T20:46:00.732Z"}
error: 
    status - 500 
    message - SequelizeUniqueConstraintError: Validation error
    at Query.formatError (C:\Users\jairr\Documents\CS21\fullstack-app\server\node_modules\sequelize\lib\dialects\mysql\query.js:242:16)
    at Query.run (C:\Users\jairr\Documents\CS21\fullstack-app\server\node_modules\sequelize\lib\dialects\mysql\query.js:77:18)
    at processTicksAndRejections (internal/process/task_queues.js:93:5)
    at async C:\Users\jairr\Documents\CS21\fullstack-app\server\node_modules\sequelize\lib\sequelize.js:619:16
    at async MySQLQueryInterface.insert (C:\Users\jairr\Documents\CS21\fullstack-app\server\node_modules\sequelize\lib\dialects\abstract\query-interface.js:749:21)
    at async buy.save (C:\Users\jairr\Documents\CS21\fullstack-app\server\node_modules\sequelize\lib\model.js:3954:35)
    at async Function.create (C:\Users\jairr\Documents\CS21\fullstack-app\server\node_modules\sequelize\lib\model.js:2207:12) 
    url - /api/v1/buys 
    method - POST 
    IP - ::1
   {"timestamp":"2021-05-29T20:46:19.756Z"}
error: 
    status - 500 
    message - SequelizeUniqueConstraintError: Validation error
    at Query.formatError (C:\Users\jairr\Documents\CS21\fullstack-app\server\node_modules\sequelize\lib\dialects\mysql\query.js:242:16)
    at Query.run (C:\Users\jairr\Documents\CS21\fullstack-app\server\node_modules\sequelize\lib\dialects\mysql\query.js:77:18)
    at processTicksAndRejections (internal/process/task_queues.js:93:5)
    at async C:\Users\jairr\Documents\CS21\fullstack-app\server\node_modules\sequelize\lib\sequelize.js:619:16
    at async MySQLQueryInterface.insert (C:\Users\jairr\Documents\CS21\fullstack-app\server\node_modules\sequelize\lib\dialects\abstract\query-interface.js:749:21)
    at async buy.save (C:\Users\jairr\Documents\CS21\fullstack-app\server\node_modules\sequelize\lib\model.js:3954:35)
    at async Function.create (C:\Users\jairr\Documents\CS21\fullstack-app\server\node_modules\sequelize\lib\model.js:2207:12) 
    url - /api/v1/buys 
    method - POST 
    IP - ::1
   {"timestamp":"2021-05-29T20:48:45.371Z"}
error: 
    status - 500 
    message - SequelizeUniqueConstraintError: Validation error
    at Query.formatError (C:\Users\jairr\Documents\CS21\fullstack-app\server\node_modules\sequelize\lib\dialects\mysql\query.js:242:16)
    at Query.run (C:\Users\jairr\Documents\CS21\fullstack-app\server\node_modules\sequelize\lib\dialects\mysql\query.js:77:18)
    at processTicksAndRejections (internal/process/task_queues.js:93:5)
    at async C:\Users\jairr\Documents\CS21\fullstack-app\server\node_modules\sequelize\lib\sequelize.js:619:16
    at async MySQLQueryInterface.insert (C:\Users\jairr\Documents\CS21\fullstack-app\server\node_modules\sequelize\lib\dialects\abstract\query-interface.js:749:21)
    at async buy.save (C:\Users\jairr\Documents\CS21\fullstack-app\server\node_modules\sequelize\lib\model.js:3954:35)
    at async Function.create (C:\Users\jairr\Documents\CS21\fullstack-app\server\node_modules\sequelize\lib\model.js:2207:12) 
    url - /api/v1/buys 
    method - POST 
    IP - ::1
   {"timestamp":"2021-05-29T20:50:39.044Z"}
error: 
    status - 500 
    message - SequelizeUniqueConstraintError: Validation error
    at Query.formatError (C:\Users\jairr\Documents\CS21\fullstack-app\server\node_modules\sequelize\lib\dialects\mysql\query.js:242:16)
    at Query.run (C:\Users\jairr\Documents\CS21\fullstack-app\server\node_modules\sequelize\lib\dialects\mysql\query.js:77:18)
    at processTicksAndRejections (internal/process/task_queues.js:93:5)
    at async C:\Users\jairr\Documents\CS21\fullstack-app\server\node_modules\sequelize\lib\sequelize.js:619:16
    at async MySQLQueryInterface.insert (C:\Users\jairr\Documents\CS21\fullstack-app\server\node_modules\sequelize\lib\dialects\abstract\query-interface.js:749:21)
    at async buy.save (C:\Users\jairr\Documents\CS21\fullstack-app\server\node_modules\sequelize\lib\model.js:3954:35)
    at async Function.create (C:\Users\jairr\Documents\CS21\fullstack-app\server\node_modules\sequelize\lib\model.js:2207:12) 
    url - /api/v1/buys 
    method - POST 
    IP - ::1
   {"timestamp":"2021-05-29T20:52:43.831Z"}
error: 
    status - 500 
    message - SequelizeUniqueConstraintError: Validation error
    at Query.formatError (C:\Users\jairr\Documents\CS21\fullstack-app\server\node_modules\sequelize\lib\dialects\mysql\query.js:242:16)
    at Query.run (C:\Users\jairr\Documents\CS21\fullstack-app\server\node_modules\sequelize\lib\dialects\mysql\query.js:77:18)
    at processTicksAndRejections (internal/process/task_queues.js:93:5)
    at async C:\Users\jairr\Documents\CS21\fullstack-app\server\node_modules\sequelize\lib\sequelize.js:619:16
    at async MySQLQueryInterface.insert (C:\Users\jairr\Documents\CS21\fullstack-app\server\node_modules\sequelize\lib\dialects\abstract\query-interface.js:749:21)
    at async buy.save (C:\Users\jairr\Documents\CS21\fullstack-app\server\node_modules\sequelize\lib\model.js:3954:35)
    at async Function.create (C:\Users\jairr\Documents\CS21\fullstack-app\server\node_modules\sequelize\lib\model.js:2207:12) 
    url - /api/v1/buys 
    method - POST 
    IP - ::1
   {"timestamp":"2021-05-29T20:54:20.248Z"}
error: 
    status - 500 
    message - SequelizeUniqueConstraintError: Validation error
    at Query.formatError (C:\Users\jairr\Documents\CS21\fullstack-app\server\node_modules\sequelize\lib\dialects\mysql\query.js:242:16)
    at Query.run (C:\Users\jairr\Documents\CS21\fullstack-app\server\node_modules\sequelize\lib\dialects\mysql\query.js:77:18)
    at processTicksAndRejections (internal/process/task_queues.js:93:5)
    at async C:\Users\jairr\Documents\CS21\fullstack-app\server\node_modules\sequelize\lib\sequelize.js:619:16
    at async MySQLQueryInterface.insert (C:\Users\jairr\Documents\CS21\fullstack-app\server\node_modules\sequelize\lib\dialects\abstract\query-interface.js:749:21)
    at async buy.save (C:\Users\jairr\Documents\CS21\fullstack-app\server\node_modules\sequelize\lib\model.js:3954:35)
    at async Function.create (C:\Users\jairr\Documents\CS21\fullstack-app\server\node_modules\sequelize\lib\model.js:2207:12) 
    url - /api/v1/buys 
    method - POST 
    IP - ::1
   {"timestamp":"2021-05-29T20:55:38.988Z"}
error: 
    status - 500 
    message - ReferenceError: data is not defined
    at _callee2$ (C:\Users\jairr\Documents\CS21\fullstack-app\server\build\services\buy.service.js:78:47)
    at tryCatch (C:\Users\jairr\Documents\CS21\fullstack-app\server\node_modules\regenerator-runtime\runtime.js:63:40)
    at Generator.invoke [as _invoke] (C:\Users\jairr\Documents\CS21\fullstack-app\server\node_modules\regenerator-runtime\runtime.js:293:22)
    at Generator.throw (C:\Users\jairr\Documents\CS21\fullstack-app\server\node_modules\regenerator-runtime\runtime.js:118:21)
    at asyncGeneratorStep (C:\Users\jairr\Documents\CS21\fullstack-app\server\node_modules\@babel\runtime\helpers\asyncToGenerator.js:3:24)
    at _throw (C:\Users\jairr\Documents\CS21\fullstack-app\server\node_modules\@babel\runtime\helpers\asyncToGenerator.js:29:9)
    at processTicksAndRejections (internal/process/task_queues.js:93:5) 
    url - /api/v1/buys 
    method - POST 
    IP - ::1
   {"timestamp":"2021-05-29T20:59:46.214Z"}
error: 
    status - 500 
    message - Error: WHERE parameter "id" has invalid "undefined" value
    at MySQLQueryGenerator.whereItemQuery (C:\Users\jairr\Documents\CS21\fullstack-app\server\node_modules\sequelize\lib\dialects\abstract\query-generator.js:2269:13)
    at C:\Users\jairr\Documents\CS21\fullstack-app\server\node_modules\sequelize\lib\dialects\abstract\query-generator.js:2258:25
    at Array.forEach (<anonymous>)
    at MySQLQueryGenerator.whereItemsQuery (C:\Users\jairr\Documents\CS21\fullstack-app\server\node_modules\sequelize\lib\dialects\abstract\query-generator.js:2256:35)
    at C:\Users\jairr\Documents\CS21\fullstack-app\server\node_modules\sequelize\lib\dialects\abstract\query-generator.js:2392:30
    at Array.map (<anonymous>)
    at MySQLQueryGenerator._whereGroupBind (C:\Users\jairr\Documents\CS21\fullstack-app\server\node_modules\sequelize\lib\dialects\abstract\query-generator.js:2391:21)
    at MySQLQueryGenerator.whereItemQuery (C:\Users\jairr\Documents\CS21\fullstack-app\server\node_modules\sequelize\lib\dialects\abstract\query-generator.js:2327:19)
    at C:\Users\jairr\Documents\CS21\fullstack-app\server\node_modules\sequelize\lib\dialects\abstract\query-generator.js:2258:25
    at Array.forEach (<anonymous>) 
    url - /api/v1/buys 
    method - POST 
    IP - ::1
   {"timestamp":"2021-05-29T21:00:35.602Z"}
error: 
    status - 500 
    message - SequelizeUniqueConstraintError: Validation error
    at Query.formatError (C:\Users\jairr\Documents\CS21\fullstack-app\server\node_modules\sequelize\lib\dialects\mysql\query.js:242:16)
    at Query.run (C:\Users\jairr\Documents\CS21\fullstack-app\server\node_modules\sequelize\lib\dialects\mysql\query.js:77:18)
    at processTicksAndRejections (internal/process/task_queues.js:93:5)
    at async C:\Users\jairr\Documents\CS21\fullstack-app\server\node_modules\sequelize\lib\sequelize.js:619:16
    at async MySQLQueryInterface.insert (C:\Users\jairr\Documents\CS21\fullstack-app\server\node_modules\sequelize\lib\dialects\abstract\query-interface.js:749:21)
    at async buy.save (C:\Users\jairr\Documents\CS21\fullstack-app\server\node_modules\sequelize\lib\model.js:3954:35)
    at async Function.create (C:\Users\jairr\Documents\CS21\fullstack-app\server\node_modules\sequelize\lib\model.js:2207:12) 
    url - /api/v1/buys 
    method - POST 
    IP - ::1
   {"timestamp":"2021-05-29T21:01:31.665Z"}
error: 
    status - 500 
    message - ValidationError: "name" length must be at least 3 characters long 
    url - /api/v1/products/3 
    method - PUT 
    IP - ::1
   {"timestamp":"2021-05-29T22:28:39.812Z"}
error: 
    status - 500 
    message - ValidationError: "name" length must be at least 3 characters long 
    url - /api/v1/products 
    method - POST 
    IP - ::1
   {"timestamp":"2021-05-29T22:31:19.542Z"}
error: 
      status - 400
      message - Name isn´t equals to Laptop 
      url - /api/v1/products 
      method - POST 
      IP - ::1
     {"timestamp":"2021-05-29T22:31:54.499Z"}
error: 
    status - 500 
    message - ValidationError: "name" length must be at least 3 characters long 
    url - /api/v1/products/4 
    method - PUT 
    IP - ::1
   {"timestamp":"2021-05-29T22:32:12.107Z"}
error: 
    status - 500 
    message - ValidationError: "name" length must be at least 3 characters long 
    url - /api/v1/products 
    method - POST 
    IP - ::1
   {"timestamp":"2021-05-29T22:39:38.978Z"}
error: 
    status - 500 
    message - ValidationError: "name" length must be at least 3 characters long 
    url - /api/v1/products/1 
    method - PUT 
    IP - ::1
   {"timestamp":"2021-05-29T22:40:10.629Z"}
error: 
    status - 500 
    message - ValidationError: "name" length must be at least 3 characters long 
    url - /api/v1/products/4 
    method - PUT 
    IP - ::1
   {"timestamp":"2021-05-29T22:43:00.885Z"}
error: 
    status - 500 
    message - ValidationError: "name" length must be at least 3 characters long 
    url - /api/v1/products/4 
    method - PUT 
    IP - ::1
   {"timestamp":"2021-05-29T22:44:05.965Z"}
error: 
      status - 400
      message - Name isn´t equals to Laptop 
      url - /api/v1/products 
      method - POST 
      IP - ::1
     {"timestamp":"2021-05-29T22:51:23.994Z"}
error: 
    status - 500 
    message - ValidationError: "name" length must be at least 3 characters long 
    url - /api/v1/products/4 
    method - PUT 
    IP - ::1
   {"timestamp":"2021-05-29T22:52:00.610Z"}
error: 
    status - 500 
    message - ValidationError: "name" length must be at least 3 characters long 
    url - /api/v1/products/4 
    method - PUT 
    IP - ::1
   {"timestamp":"2021-05-29T22:55:05.062Z"}
error: 
    status - 500 
    message - ValidationError: "name" length must be at least 3 characters long 
    url - /api/v1/products/4 
    method - PUT 
    IP - ::1
   {"timestamp":"2021-05-29T22:57:10.193Z"}
error: 
    status - 500 
    message - ValidationError: "name" length must be at least 3 characters long 
    url - /api/v1/products/4 
    method - PUT 
    IP - ::1
   {"timestamp":"2021-05-29T22:58:14.905Z"}
error: 
      status - 400
      message - Name isn´t equals to Laptop 
      url - /api/v1/products 
      method - POST 
      IP - ::1
     {"timestamp":"2021-05-29T23:22:20.305Z"}
error: 
    status - 500 
    message - ValidationError: "name" length must be at least 3 characters long 
    url - /api/v1/products/6 
    method - PUT 
    IP - ::1
   {"timestamp":"2021-05-29T23:22:32.095Z"}
